  Car.cpp
C:\Users\wiru1\OneDrive\Pulpit\Studia\PK4\Projekt_PK4\Projekt_PK4\Car.cpp(30,24): warning C4244: 'argument': conversion from 'double' to 'float', possible loss of data
C:\Users\wiru1\OneDrive\Pulpit\Studia\PK4\Projekt_PK4\Projekt_PK4\Car.cpp(36,50): warning C4244: 'argument': conversion from 'double' to 'float', possible loss of data
C:\Users\wiru1\OneDrive\Pulpit\Studia\PK4\Projekt_PK4\Projekt_PK4\Car.cpp(41,30): warning C4244: 'argument': conversion from 'double' to 'float', possible loss of data
C:\Users\wiru1\OneDrive\Pulpit\Studia\PK4\Projekt_PK4\Projekt_PK4\Car.cpp(41,24): warning C4244: 'argument': conversion from 'double' to 'float', possible loss of data
C:\Users\wiru1\OneDrive\Pulpit\Studia\PK4\Projekt_PK4\Projekt_PK4\Car.cpp(56,28): warning C4244: 'argument': conversion from 'int' to 'float', possible loss of data
C:\Users\wiru1\OneDrive\Pulpit\Studia\PK4\Projekt_PK4\Projekt_PK4\Car.cpp(56,21): warning C4244: 'argument': conversion from 'int' to 'float', possible loss of data
  GameLoop.cpp
C:\Users\wiru1\OneDrive\Pulpit\Studia\PK4\Projekt_PK4\Projekt_PK4\GameLoop.cpp(128,51): warning C4244: 'argument': conversion from 'time_t' to 'unsigned int', possible loss of data
  GameStart.cpp
  Intro.cpp
C:\Users\wiru1\OneDrive\Pulpit\Studia\PK4\Projekt_PK4\Projekt_PK4\Intro.cpp(66,22): warning C4244: 'argument': conversion from 'double' to 'float', possible loss of data
C:\Users\wiru1\OneDrive\Pulpit\Studia\PK4\Projekt_PK4\Projekt_PK4\Intro.cpp(70,23): warning C4244: 'argument': conversion from 'double' to 'float', possible loss of data
  List.cpp
  Obstacles.cpp
C:\Users\wiru1\OneDrive\Pulpit\Studia\PK4\Projekt_PK4\Projekt_PK4\Obstacles.cpp(8,27): warning C4305: 'argument': truncation from 'double' to 'float'
C:\Users\wiru1\OneDrive\Pulpit\Studia\PK4\Projekt_PK4\Projekt_PK4\Obstacles.cpp(23,25): warning C4244: 'argument': conversion from 'double' to 'float', possible loss of data
C:\Users\wiru1\OneDrive\Pulpit\Studia\PK4\Projekt_PK4\Projekt_PK4\Obstacles.cpp(23,22): warning C4244: 'argument': conversion from 'double' to 'float', possible loss of data
  Road.cpp
C:\Users\wiru1\OneDrive\Pulpit\Studia\PK4\Projekt_PK4\Projekt_PK4\Road.cpp(14,28): warning C4244: 'argument': conversion from 'double' to 'float', possible loss of data
C:\Users\wiru1\OneDrive\Pulpit\Studia\PK4\Projekt_PK4\Projekt_PK4\Road.cpp(15,28): warning C4244: 'argument': conversion from 'double' to 'float', possible loss of data
C:\Users\wiru1\OneDrive\Pulpit\Studia\PK4\Projekt_PK4\Projekt_PK4\Road.cpp(16,28): warning C4244: 'argument': conversion from 'double' to 'float', possible loss of data
C:\Users\wiru1\OneDrive\Pulpit\Studia\PK4\Projekt_PK4\Projekt_PK4\Road.cpp(17,28): warning C4244: 'argument': conversion from 'double' to 'float', possible loss of data
C:\Users\wiru1\OneDrive\Pulpit\Studia\PK4\Projekt_PK4\Projekt_PK4\Road.cpp(34,26): warning C4244: 'argument': conversion from 'double' to 'float', possible loss of data
C:\Users\wiru1\OneDrive\Pulpit\Studia\PK4\Projekt_PK4\Projekt_PK4\Road.cpp(36,26): warning C4244: 'argument': conversion from 'double' to 'float', possible loss of data
C:\Users\wiru1\OneDrive\Pulpit\Studia\PK4\Projekt_PK4\Projekt_PK4\Road.cpp(38,26): warning C4244: 'argument': conversion from 'double' to 'float', possible loss of data
C:\Users\wiru1\OneDrive\Pulpit\Studia\PK4\Projekt_PK4\Projekt_PK4\Road.cpp(40,26): warning C4244: 'argument': conversion from 'double' to 'float', possible loss of data
  Score_money.cpp
  Generating Code...
Score_money.obj : error LNK2001: unresolved external symbol "__declspec(dllimport) public: void __thiscall sf::Transformable::setPosition(float,float)" (__imp_?setPosition@Transformable@sf@@QAEXMM@Z)
Car.obj : error LNK2001: unresolved external symbol "__declspec(dllimport) public: void __thiscall sf::Transformable::setPosition(float,float)" (__imp_?setPosition@Transformable@sf@@QAEXMM@Z)
Intro.obj : error LNK2001: unresolved external symbol "__declspec(dllimport) public: void __thiscall sf::Transformable::setPosition(float,float)" (__imp_?setPosition@Transformable@sf@@QAEXMM@Z)
Obstacles.obj : error LNK2001: unresolved external symbol "__declspec(dllimport) public: void __thiscall sf::Transformable::setPosition(float,float)" (__imp_?setPosition@Transformable@sf@@QAEXMM@Z)
Road.obj : error LNK2001: unresolved external symbol "__declspec(dllimport) public: void __thiscall sf::Transformable::setPosition(float,float)" (__imp_?setPosition@Transformable@sf@@QAEXMM@Z)
Car.obj : error LNK2019: unresolved external symbol "__declspec(dllimport) public: void __thiscall sf::Transformable::setRotation(float)" (__imp_?setRotation@Transformable@sf@@QAEXM@Z) referenced in function "public: void __thiscall Car::setOtherCarSprite(class std::basic_string<char,struct std::char_traits<char>,class std::allocator<char> > &)" (?setOtherCarSprite@Car@@QAEXAAV?$basic_string@DU?$char_traits@D@std@@V?$allocator@D@2@@std@@@Z)
Car.obj : error LNK2019: unresolved external symbol "__declspec(dllimport) public: void __thiscall sf::Transformable::setScale(float,float)" (__imp_?setScale@Transformable@sf@@QAEXMM@Z) referenced in function "public: void __thiscall Car::setCarScale(int)" (?setCarScale@Car@@QAEXH@Z)
Obstacles.obj : error LNK2001: unresolved external symbol "__declspec(dllimport) public: void __thiscall sf::Transformable::setScale(float,float)" (__imp_?setScale@Transformable@sf@@QAEXMM@Z)
Car.obj : error LNK2019: unresolved external symbol "__declspec(dllimport) public: class sf::Vector2<float> const & __thiscall sf::Transformable::getPosition(void)const " (__imp_?getPosition@Transformable@sf@@QBEABV?$Vector2@M@2@XZ) referenced in function "public: double __thiscall Car::get_CarX(void)" (?get_CarX@Car@@QAENXZ)
Obstacles.obj : error LNK2001: unresolved external symbol "__declspec(dllimport) public: class sf::Vector2<float> const & __thiscall sf::Transformable::getPosition(void)const " (__imp_?getPosition@Transformable@sf@@QBEABV?$Vector2@M@2@XZ)
Car.obj : error LNK2019: unresolved external symbol "__declspec(dllimport) public: __thiscall sf::Texture::Texture(void)" (__imp_??0Texture@sf@@QAE@XZ) referenced in function "public: __thiscall Car::Car(void)" (??0Car@@QAE@XZ)
Intro.obj : error LNK2001: unresolved external symbol "__declspec(dllimport) public: __thiscall sf::Texture::Texture(void)" (__imp_??0Texture@sf@@QAE@XZ)
Obstacles.obj : error LNK2001: unresolved external symbol "__declspec(dllimport) public: __thiscall sf::Texture::Texture(void)" (__imp_??0Texture@sf@@QAE@XZ)
Road.obj : error LNK2001: unresolved external symbol "__declspec(dllimport) public: __thiscall sf::Texture::Texture(void)" (__imp_??0Texture@sf@@QAE@XZ)
Car.obj : error LNK2019: unresolved external symbol "__declspec(dllimport) public: __thiscall sf::Texture::~Texture(void)" (__imp_??1Texture@sf@@QAE@XZ) referenced in function __unwindfunclet$??0Car@@QAE@XZ$0
Intro.obj : error LNK2001: unresolved external symbol "__declspec(dllimport) public: __thiscall sf::Texture::~Texture(void)" (__imp_??1Texture@sf@@QAE@XZ)
Obstacles.obj : error LNK2001: unresolved external symbol "__declspec(dllimport) public: __thiscall sf::Texture::~Texture(void)" (__imp_??1Texture@sf@@QAE@XZ)
Road.obj : error LNK2001: unresolved external symbol "__declspec(dllimport) public: __thiscall sf::Texture::~Texture(void)" (__imp_??1Texture@sf@@QAE@XZ)
Car.obj : error LNK2019: unresolved external symbol "__declspec(dllimport) public: bool __thiscall sf::Texture::loadFromFile(class std::basic_string<char,struct std::char_traits<char>,class std::allocator<char> > const &,class sf::Rect<int> const &)" (__imp_?loadFromFile@Texture@sf@@QAE_NABV?$basic_string@DU?$char_traits@D@std@@V?$allocator@D@2@@std@@ABV?$Rect@H@2@@Z) referenced in function "public: void __thiscall Car::setOtherCarSprite(class std::basic_string<char,struct std::char_traits<char>,class std::allocator<char> > &)" (?setOtherCarSprite@Car@@QAEXAAV?$basic_string@DU?$char_traits@D@std@@V?$allocator@D@2@@std@@@Z)
Intro.obj : error LNK2001: unresolved external symbol "__declspec(dllimport) public: bool __thiscall sf::Texture::loadFromFile(class std::basic_string<char,struct std::char_traits<char>,class std::allocator<char> > const &,class sf::Rect<int> const &)" (__imp_?loadFromFile@Texture@sf@@QAE_NABV?$basic_string@DU?$char_traits@D@std@@V?$allocator@D@2@@std@@ABV?$Rect@H@2@@Z)
Obstacles.obj : error LNK2001: unresolved external symbol "__declspec(dllimport) public: bool __thiscall sf::Texture::loadFromFile(class std::basic_string<char,struct std::char_traits<char>,class std::allocator<char> > const &,class sf::Rect<int> const &)" (__imp_?loadFromFile@Texture@sf@@QAE_NABV?$basic_string@DU?$char_traits@D@std@@V?$allocator@D@2@@std@@ABV?$Rect@H@2@@Z)
Road.obj : error LNK2001: unresolved external symbol "__declspec(dllimport) public: bool __thiscall sf::Texture::loadFromFile(class std::basic_string<char,struct std::char_traits<char>,class std::allocator<char> > const &,class sf::Rect<int> const &)" (__imp_?loadFromFile@Texture@sf@@QAE_NABV?$basic_string@DU?$char_traits@D@std@@V?$allocator@D@2@@std@@ABV?$Rect@H@2@@Z)
Car.obj : error LNK2019: unresolved external symbol "__declspec(dllimport) public: __thiscall sf::Sprite::Sprite(void)" (__imp_??0Sprite@sf@@QAE@XZ) referenced in function "public: __thiscall Car::Car(void)" (??0Car@@QAE@XZ)
Intro.obj : error LNK2001: unresolved external symbol "__declspec(dllimport) public: __thiscall sf::Sprite::Sprite(void)" (__imp_??0Sprite@sf@@QAE@XZ)
Obstacles.obj : error LNK2001: unresolved external symbol "__declspec(dllimport) public: __thiscall sf::Sprite::Sprite(void)" (__imp_??0Sprite@sf@@QAE@XZ)
Road.obj : error LNK2001: unresolved external symbol "__declspec(dllimport) public: __thiscall sf::Sprite::Sprite(void)" (__imp_??0Sprite@sf@@QAE@XZ)
Car.obj : error LNK2019: unresolved external symbol "__declspec(dllimport) public: void __thiscall sf::Sprite::setTexture(class sf::Texture const &,bool)" (__imp_?setTexture@Sprite@sf@@QAEXABVTexture@2@_N@Z) referenced in function "public: void __thiscall Car::setOtherCarSprite(class std::basic_string<char,struct std::char_traits<char>,class std::allocator<char> > &)" (?setOtherCarSprite@Car@@QAEXAAV?$basic_string@DU?$char_traits@D@std@@V?$allocator@D@2@@std@@@Z)
Intro.obj : error LNK2001: unresolved external symbol "__declspec(dllimport) public: void __thiscall sf::Sprite::setTexture(class sf::Texture const &,bool)" (__imp_?setTexture@Sprite@sf@@QAEXABVTexture@2@_N@Z)
Obstacles.obj : error LNK2001: unresolved external symbol "__declspec(dllimport) public: void __thiscall sf::Sprite::setTexture(class sf::Texture const &,bool)" (__imp_?setTexture@Sprite@sf@@QAEXABVTexture@2@_N@Z)
Road.obj : error LNK2001: unresolved external symbol "__declspec(dllimport) public: void __thiscall sf::Sprite::setTexture(class sf::Texture const &,bool)" (__imp_?setTexture@Sprite@sf@@QAEXABVTexture@2@_N@Z)
Road.obj : error LNK2001: unresolved external symbol "__declspec(dllimport) public: virtual __thiscall sf::Sprite::~Sprite(void)" (__imp_??1Sprite@sf@@UAE@XZ)
Car.obj : error LNK2001: unresolved external symbol "__declspec(dllimport) public: virtual __thiscall sf::Sprite::~Sprite(void)" (__imp_??1Sprite@sf@@UAE@XZ)
GameLoop.obj : error LNK2001: unresolved external symbol "__declspec(dllimport) public: virtual __thiscall sf::Sprite::~Sprite(void)" (__imp_??1Sprite@sf@@UAE@XZ)
Intro.obj : error LNK2001: unresolved external symbol "__declspec(dllimport) public: virtual __thiscall sf::Sprite::~Sprite(void)" (__imp_??1Sprite@sf@@UAE@XZ)
Obstacles.obj : error LNK2001: unresolved external symbol "__declspec(dllimport) public: virtual __thiscall sf::Sprite::~Sprite(void)" (__imp_??1Sprite@sf@@UAE@XZ)
Road.obj : error LNK2001: unresolved external symbol "__declspec(dllimport) public: __thiscall sf::Sprite::Sprite(class sf::Sprite const &)" (__imp_??0Sprite@sf@@QAE@ABV01@@Z)
Car.obj : error LNK2001: unresolved external symbol "__declspec(dllimport) public: __thiscall sf::Sprite::Sprite(class sf::Sprite const &)" (__imp_??0Sprite@sf@@QAE@ABV01@@Z)
GameLoop.obj : error LNK2001: unresolved external symbol "__declspec(dllimport) public: __thiscall sf::Sprite::Sprite(class sf::Sprite const &)" (__imp_??0Sprite@sf@@QAE@ABV01@@Z)
Intro.obj : error LNK2001: unresolved external symbol "__declspec(dllimport) public: __thiscall sf::Sprite::Sprite(class sf::Sprite const &)" (__imp_??0Sprite@sf@@QAE@ABV01@@Z)
Obstacles.obj : error LNK2001: unresolved external symbol "__declspec(dllimport) public: __thiscall sf::Sprite::Sprite(class sf::Sprite const &)" (__imp_??0Sprite@sf@@QAE@ABV01@@Z)
GameLoop.obj : error LNK2019: unresolved external symbol "__declspec(dllimport) public: __thiscall sf::String::String(char const *,class std::locale const &)" (__imp_??0String@sf@@QAE@PBDABVlocale@std@@@Z) referenced in function "public: __thiscall GameLoop::GameLoop(void)" (??0GameLoop@@QAE@XZ)
GameLoop.obj : error LNK2019: unresolved external symbol "__declspec(dllimport) public: __thiscall sf::String::~String(void)" (__imp_??1String@sf@@QAE@XZ) referenced in function "public: __thiscall GameLoop::GameLoop(void)" (??0GameLoop@@QAE@XZ)
Score_money.obj : error LNK2001: unresolved external symbol "__declspec(dllimport) public: __thiscall sf::String::~String(void)" (__imp_??1String@sf@@QAE@XZ)
GameLoop.obj : error LNK2019: unresolved external symbol "__declspec(dllimport) public: static bool __cdecl sf::Keyboard::isKeyPressed(enum sf::Keyboard::Key)" (__imp_?isKeyPressed@Keyboard@sf@@SA_NW4Key@12@@Z) referenced in function "public: void __thiscall GameLoop::start(void)" (?start@GameLoop@@QAEXXZ)
GameLoop.obj : error LNK2019: unresolved external symbol "__declspec(dllimport) public: __thiscall sf::VideoMode::VideoMode(unsigned int,unsigned int,unsigned int)" (__imp_??0VideoMode@sf@@QAE@III@Z) referenced in function "public: __thiscall GameLoop::GameLoop(void)" (??0GameLoop@@QAE@XZ)
GameLoop.obj : error LNK2019: unresolved external symbol "__declspec(dllimport) public: void __thiscall sf::Window::create(class sf::VideoMode,class sf::String const &,unsigned int,struct sf::ContextSettings const &)" (__imp_?create@Window@sf@@QAEXVVideoMode@2@ABVString@2@IABUContextSettings@2@@Z) referenced in function "public: __thiscall GameLoop::GameLoop(void)" (??0GameLoop@@QAE@XZ)
GameLoop.obj : error LNK2019: unresolved external symbol "__declspec(dllimport) public: void __thiscall sf::Window::close(void)" (__imp_?close@Window@sf@@QAEXXZ) referenced in function "private: void __thiscall GameLoop::gameend(void)" (?gameend@GameLoop@@AAEXXZ)
GameLoop.obj : error LNK2019: unresolved external symbol "__declspec(dllimport) public: bool __thiscall sf::Window::isOpen(void)const " (__imp_?isOpen@Window@sf@@QBE_NXZ) referenced in function "public: void __thiscall GameLoop::start(void)" (?start@GameLoop@@QAEXXZ)
GameLoop.obj : error LNK2019: unresolved external symbol "__declspec(dllimport) public: bool __thiscall sf::Window::pollEvent(class sf::Event &)" (__imp_?pollEvent@Window@sf@@QAE_NAAVEvent@2@@Z) referenced in function "public: void __thiscall GameLoop::start(void)" (?start@GameLoop@@QAEXXZ)
GameLoop.obj : error LNK2019: unresolved external symbol "__declspec(dllimport) public: void __thiscall sf::Window::setFramerateLimit(unsigned int)" (__imp_?setFramerateLimit@Window@sf@@QAEXI@Z) referenced in function "public: __thiscall GameLoop::GameLoop(void)" (??0GameLoop@@QAE@XZ)
GameLoop.obj : error LNK2019: unresolved external symbol "__declspec(dllimport) public: void __thiscall sf::Window::display(void)" (__imp_?display@Window@sf@@QAEXXZ) referenced in function "private: void __thiscall GameLoop::gameend(void)" (?gameend@GameLoop@@AAEXXZ)
GameLoop.obj : error LNK2019: unresolved external symbol "__declspec(dllimport) public: __thiscall sf::Texture::Texture(class sf::Texture const &)" (__imp_??0Texture@sf@@QAE@ABV01@@Z) referenced in function "public: __thiscall Car::Car(class Car const &)" (??0Car@@QAE@ABV0@@Z)
GameLoop.obj : error LNK2019: unresolved external symbol "__declspec(dllimport) public: void __thiscall sf::RenderTarget::clear(class sf::Color const &)" (__imp_?clear@RenderTarget@sf@@QAEXABVColor@2@@Z) referenced in function "private: void __thiscall GameLoop::gameend(void)" (?gameend@GameLoop@@AAEXXZ)
GameLoop.obj : error LNK2019: unresolved external symbol "__declspec(dllimport) public: void __thiscall sf::RenderTarget::draw(class sf::Drawable const &,class sf::RenderStates const &)" (__imp_?draw@RenderTarget@sf@@QAEXABVDrawable@2@ABVRenderStates@2@@Z) referenced in function "private: void __thiscall GameLoop::gameend(void)" (?gameend@GameLoop@@AAEXXZ)
GameLoop.obj : error LNK2019: unresolved external symbol "__declspec(dllimport) public: __thiscall sf::RenderWindow::RenderWindow(void)" (__imp_??0RenderWindow@sf@@QAE@XZ) referenced in function "public: __thiscall GameLoop::GameLoop(void)" (??0GameLoop@@QAE@XZ)
GameLoop.obj : error LNK2019: unresolved external symbol "__declspec(dllimport) public: virtual __thiscall sf::RenderWindow::~RenderWindow(void)" (__imp_??1RenderWindow@sf@@UAE@XZ) referenced in function __unwindfunclet$??0GameLoop@@QAE@XZ$8
GameLoop.obj : error LNK2019: unresolved external symbol "__declspec(dllimport) public: class sf::Rect<float> __thiscall sf::Sprite::getGlobalBounds(void)const " (__imp_?getGlobalBounds@Sprite@sf@@QBE?AV?$Rect@M@2@XZ) referenced in function "private: void __thiscall GameLoop::checkCollisions(void)" (?checkCollisions@GameLoop@@AAEXXZ)
GameLoop.obj : error LNK2019: unresolved external symbol "__declspec(dllimport) public: virtual __thiscall sf::Text::~Text(void)" (__imp_??1Text@sf@@UAE@XZ) referenced in function "public: void __thiscall GameLoop::start(void)" (?start@GameLoop@@QAEXXZ)
Score_money.obj : error LNK2001: unresolved external symbol "__declspec(dllimport) public: virtual __thiscall sf::Text::~Text(void)" (__imp_??1Text@sf@@UAE@XZ)
GameLoop.obj : error LNK2001: unresolved external symbol "__declspec(dllimport) public: static class sf::RenderStates const sf::RenderStates::Default" (__imp_?Default@RenderStates@sf@@2V12@B)
GameLoop.obj : error LNK2001: unresolved external symbol "__declspec(dllimport) public: static class sf::Color const sf::Color::Black" (__imp_?Black@Color@sf@@2V12@B)
Intro.obj : error LNK2019: unresolved external symbol "__declspec(dllimport) public: __thiscall sf::Color::Color(unsigned char,unsigned char,unsigned char,unsigned char)" (__imp_??0Color@sf@@QAE@EEEE@Z) referenced in function "public: __thiscall Intro::Intro(void)" (??0Intro@@QAE@XZ)
Intro.obj : error LNK2019: unresolved external symbol "__declspec(dllimport) public: void __thiscall sf::Sprite::setColor(class sf::Color const &)" (__imp_?setColor@Sprite@sf@@QAEXABVColor@2@@Z) referenced in function "public: __thiscall Intro::Intro(void)" (??0Intro@@QAE@XZ)
List.obj : error LNK2019: unresolved external symbol "__declspec(dllimport) public: class sf::Texture & __thiscall sf::Texture::operator=(class sf::Texture const &)" (__imp_??4Texture@sf@@QAEAAV01@ABV01@@Z) referenced in function "public: class Obstacles & __thiscall Obstacles::operator=(class Obstacles const &)" (??4Obstacles@@QAEAAV0@ABV0@@Z)
List.obj : error LNK2019: unresolved external symbol "__declspec(dllimport) public: class sf::Sprite & __thiscall sf::Sprite::operator=(class sf::Sprite const &)" (__imp_??4Sprite@sf@@QAEAAV01@ABV01@@Z) referenced in function "public: class Obstacles & __thiscall Obstacles::operator=(class Obstacles const &)" (??4Obstacles@@QAEAAV0@ABV0@@Z)
Score_money.obj : error LNK2019: unresolved external symbol "__declspec(dllimport) public: __thiscall sf::String::String(void)" (__imp_??0String@sf@@QAE@XZ) referenced in function "public: __thiscall Score_money::Score_money(void)" (??0Score_money@@QAE@XZ)
Score_money.obj : error LNK2019: unresolved external symbol "__declspec(dllimport) public: __thiscall sf::String::String(class std::basic_string<char,struct std::char_traits<char>,class std::allocator<char> > const &,class std::locale const &)" (__imp_??0String@sf@@QAE@ABV?$basic_string@DU?$char_traits@D@std@@V?$allocator@D@2@@std@@ABVlocale@3@@Z) referenced in function "public: void __thiscall Score_money::score_counter(void)" (?score_counter@Score_money@@QAEXXZ)
Score_money.obj : error LNK2019: unresolved external symbol "__declspec(dllimport) public: class sf::String & __thiscall sf::String::operator=(class sf::String const &)" (__imp_??4String@sf@@QAEAAV01@ABV01@@Z) referenced in function "public: void __thiscall Score_money::score_counter(void)" (?score_counter@Score_money@@QAEXXZ)
Score_money.obj : error LNK2019: unresolved external symbol "__declspec(dllimport) public: __thiscall sf::Font::Font(void)" (__imp_??0Font@sf@@QAE@XZ) referenced in function "public: __thiscall Score_money::Score_money(void)" (??0Score_money@@QAE@XZ)
Score_money.obj : error LNK2019: unresolved external symbol "__declspec(dllimport) public: __thiscall sf::Font::~Font(void)" (__imp_??1Font@sf@@QAE@XZ) referenced in function __unwindfunclet$??0Score_money@@QAE@XZ$0
Score_money.obj : error LNK2019: unresolved external symbol "__declspec(dllimport) public: bool __thiscall sf::Font::loadFromFile(class std::basic_string<char,struct std::char_traits<char>,class std::allocator<char> > const &)" (__imp_?loadFromFile@Font@sf@@QAE_NABV?$basic_string@DU?$char_traits@D@std@@V?$allocator@D@2@@std@@@Z) referenced in function "public: __thiscall Score_money::Score_money(void)" (??0Score_money@@QAE@XZ)
Score_money.obj : error LNK2019: unresolved external symbol "__declspec(dllimport) public: __thiscall sf::Text::Text(void)" (__imp_??0Text@sf@@QAE@XZ) referenced in function "public: __thiscall Score_money::Score_money(void)" (??0Score_money@@QAE@XZ)
Score_money.obj : error LNK2019: unresolved external symbol "__declspec(dllimport) public: void __thiscall sf::Text::setString(class sf::String const &)" (__imp_?setString@Text@sf@@QAEXABVString@2@@Z) referenced in function "public: void __thiscall Score_money::score_counter(void)" (?score_counter@Score_money@@QAEXXZ)
Score_money.obj : error LNK2019: unresolved external symbol "__declspec(dllimport) public: void __thiscall sf::Text::setFont(class sf::Font const &)" (__imp_?setFont@Text@sf@@QAEXABVFont@2@@Z) referenced in function "public: __thiscall Score_money::Score_money(void)" (??0Score_money@@QAE@XZ)
Score_money.obj : error LNK2019: unresolved external symbol "__declspec(dllimport) public: void __thiscall sf::Text::setCharacterSize(unsigned int)" (__imp_?setCharacterSize@Text@sf@@QAEXI@Z) referenced in function "public: __thiscall Score_money::Score_money(void)" (??0Score_money@@QAE@XZ)
Score_money.obj : error LNK2019: unresolved external symbol "__declspec(dllimport) public: __thiscall sf::Text::Text(class sf::Text const &)" (__imp_??0Text@sf@@QAE@ABV01@@Z) referenced in function "public: class sf::Text __thiscall Score_money::get_sMoney(void)" (?get_sMoney@Score_money@@QAE?AVText@sf@@XZ)
C:\Users\wiru1\OneDrive\Pulpit\Studia\PK4\Projekt_PK4\Debug\Projekt_PK4.exe : fatal error LNK1120: 45 unresolved externals
